<?xml version="1.0" encoding="UTF-8"?>
<!-- Generated by org.testng.reporters.JUnitReportReporter -->
<testsuite skipped="0" hostname="DESKTOP-4J1LCJ7" name="com.w2a.testcases.LoginTest" tests="1" failures="0" timestamp="07 Mar 2019 17:59:12 GMT" time="0.361" errors="0">
  <testcase name="loginAsBankManager" time="0.361" classname="com.w2a.testcases.LoginTest"/>
</testsuite> <!-- com.w2a.testcases.LoginTest -->
