<?xml version="1.0" encoding="UTF-8"?>
<!-- Generated by org.testng.reporters.JUnitReportReporter -->
<testsuite skipped="0" hostname="DESKTOP-4J1LCJ7" name="com.w2a.testcases.BankManagerLoginTest" tests="1" failures="0" timestamp="15 Mar 2019 04:35:18 GMT" time="3.825" errors="0">
  <testcase name="bankManagerloginTest" time="3.825" classname="com.w2a.testcases.BankManagerLoginTest"/>
</testsuite> <!-- com.w2a.testcases.BankManagerLoginTest -->
