<?xml version="1.0" encoding="UTF-8"?>
<!-- Generated by org.testng.reporters.JUnitReportReporter -->
<testsuite skipped="1" hostname="DESKTOP-4J1LCJ7" name="com.w2a.testcases.AddCustomerTest" tests="4" failures="0" timestamp="15 Mar 2019 04:35:18 GMT" time="13.254" errors="0">
  <testcase name="addCustomerTest" time="4.297" classname="com.w2a.testcases.AddCustomerTest"/>
  <testcase name="addCustomerTest" time="4.687" classname="com.w2a.testcases.AddCustomerTest"/>
  <testcase name="addCustomerTest" time="4.270" classname="com.w2a.testcases.AddCustomerTest"/>
  <testcase name="addCustomerTest" time="0.000" classname="com.w2a.testcases.AddCustomerTest">
    <skipped/>
  </testcase> <!-- addCustomerTest -->
</testsuite> <!-- com.w2a.testcases.AddCustomerTest -->
